SF:/Users/runner/work/ExampleLibraryTemplate/ExampleLibraryTemplate/Sources/ExampleLibraryTemplate/ResourceHelper.swift
FN:18,$s22ExampleLibraryTemplate14ResourceHelperCACyc33_13CEFB24710DE6A730159C4919B3D05BLlfc
FN:38,$s22ExampleLibraryTemplate14ResourceHelperC6moduleSo8NSBundleCvpZfiAFyXEfU_
FNDA:0,$s22ExampleLibraryTemplate14ResourceHelperCACyc33_13CEFB24710DE6A730159C4919B3D05BLlfc
FNDA:1,$s22ExampleLibraryTemplate14ResourceHelperC6moduleSo8NSBundleCvpZfiAFyXEfU_
FNF:2
FNH:1
DA:18,0
DA:38,1
DA:39,1
DA:40,1
DA:41,1
DA:42,1
DA:43,1
DA:44,1
DA:45,1
DA:46,1
DA:47,1
DA:48,1
DA:49,1
DA:50,1
DA:51,1
DA:52,1
BRF:0
BFH:0
LF:16
LH:15
end_of_record
